2025-01-03T17:00:21.655+01:00  INFO 15144 --- [Shop] [main] a.c.shop_g49_1.ShopG491Application       : Starting ShopG491Application using Java 17.0.11 with PID 15144 (C:\IdeaProjects\shop_g49_1\target\classes started by krasn in C:\IdeaProjects\shop_g49_1)
2025-01-03T17:00:21.672+01:00  INFO 15144 --- [Shop] [main] a.c.shop_g49_1.ShopG491Application       : No active profile set, falling back to 1 default profile: "default"
2025-01-03T17:00:24.071+01:00  INFO 15144 --- [Shop] [main] .s.d.r.c.RepositoryConfigurationDelegate : Bootstrapping Spring Data JPA repositories in DEFAULT mode.
2025-01-03T17:00:24.267+01:00  INFO 15144 --- [Shop] [main] .s.d.r.c.RepositoryConfigurationDelegate : Finished Spring Data repository scanning in 172 ms. Found 4 JPA repository interfaces.
2025-01-03T17:00:25.759+01:00  INFO 15144 --- [Shop] [main] o.s.b.w.embedded.tomcat.TomcatWebServer  : Tomcat initialized with port 8080 (http)
2025-01-03T17:00:25.783+01:00  INFO 15144 --- [Shop] [main] o.apache.catalina.core.StandardService   : Starting service [Tomcat]
2025-01-03T17:00:25.784+01:00  INFO 15144 --- [Shop] [main] o.apache.catalina.core.StandardEngine    : Starting Servlet engine: [Apache Tomcat/10.1.33]
2025-01-03T17:00:25.920+01:00  INFO 15144 --- [Shop] [main] o.a.c.c.C.[Tomcat].[localhost].[/api]    : Initializing Spring embedded WebApplicationContext
2025-01-03T17:00:25.921+01:00  INFO 15144 --- [Shop] [main] w.s.c.ServletWebServerApplicationContext : Root WebApplicationContext: initialization completed in 4052 ms
2025-01-03T17:00:26.264+01:00  INFO 15144 --- [Shop] [main] com.zaxxer.hikari.HikariDataSource       : HikariPool-1 - Starting...
2025-01-03T17:00:26.668+01:00  INFO 15144 --- [Shop] [main] com.zaxxer.hikari.pool.HikariPool        : HikariPool-1 - Added connection org.postgresql.jdbc.PgConnection@2d22d3b1
2025-01-03T17:00:26.675+01:00  INFO 15144 --- [Shop] [main] com.zaxxer.hikari.HikariDataSource       : HikariPool-1 - Start completed.
2025-01-03T17:00:27.092+01:00  INFO 15144 --- [Shop] [main] liquibase.database                       : Set default schema name to public
2025-01-03T17:00:28.361+01:00  INFO 15144 --- [Shop] [main] liquibase.changelog                      : Reading from public.databasechangelog
2025-01-03T17:00:28.470+01:00  INFO 15144 --- [Shop] [main] liquibase.ui                             : Database is up to date, no changesets to execute
2025-01-03T17:00:28.475+01:00  INFO 15144 --- [Shop] [main] liquibase.changelog                      : Reading from public.databasechangelog
2025-01-03T17:00:28.514+01:00  INFO 15144 --- [Shop] [main] liquibase.util                           : UPDATE SUMMARY
2025-01-03T17:00:28.515+01:00  INFO 15144 --- [Shop] [main] liquibase.util                           : Run:                          0
2025-01-03T17:00:28.516+01:00  INFO 15144 --- [Shop] [main] liquibase.util                           : Previously run:              13
2025-01-03T17:00:28.517+01:00  INFO 15144 --- [Shop] [main] liquibase.util                           : Filtered out:                 0
2025-01-03T17:00:28.518+01:00  INFO 15144 --- [Shop] [main] liquibase.util                           : -------------------------------
2025-01-03T17:00:28.519+01:00  INFO 15144 --- [Shop] [main] liquibase.util                           : Total change sets:           13
2025-01-03T17:00:28.522+01:00  INFO 15144 --- [Shop] [main] liquibase.util                           : Update summary generated
2025-01-03T17:00:28.524+01:00  INFO 15144 --- [Shop] [main] liquibase.command                        : Command execution complete
2025-01-03T17:00:28.799+01:00  INFO 15144 --- [Shop] [main] o.hibernate.jpa.internal.util.LogHelper  : HHH000204: Processing PersistenceUnitInfo [name: default]
2025-01-03T17:00:28.969+01:00  INFO 15144 --- [Shop] [main] org.hibernate.Version                    : HHH000412: Hibernate ORM core version 6.6.2.Final
2025-01-03T17:00:29.048+01:00  INFO 15144 --- [Shop] [main] o.h.c.internal.RegionFactoryInitiator    : HHH000026: Second-level cache disabled
2025-01-03T17:00:29.566+01:00  INFO 15144 --- [Shop] [main] o.s.o.j.p.SpringPersistenceUnitInfo      : No LoadTimeWeaver setup: ignoring JPA class transformer
2025-01-03T17:00:29.715+01:00  INFO 15144 --- [Shop] [main] org.hibernate.orm.connections.pooling    : HHH10001005: Database info:
	Database JDBC URL [Connecting through datasource 'HikariDataSource (HikariPool-1)']
	Database driver: undefined/unknown
	Database version: 17.2
	Autocommit mode: undefined/unknown
	Isolation level: undefined/unknown
	Minimum pool size: undefined/unknown
	Maximum pool size: undefined/unknown
2025-01-03T17:00:31.903+01:00  INFO 15144 --- [Shop] [main] o.h.e.t.j.p.i.JtaPlatformInitiator       : HHH000489: No JTA platform available (set 'hibernate.transaction.jta.platform' to enable JTA platform integration)
2025-01-03T17:00:31.908+01:00  INFO 15144 --- [Shop] [main] j.LocalContainerEntityManagerFactoryBean : Initialized JPA EntityManagerFactory for persistence unit 'default'
2025-01-03T17:00:33.334+01:00  WARN 15144 --- [Shop] [main] JpaBaseConfiguration$JpaWebConfiguration : spring.jpa.open-in-view is enabled by default. Therefore, database queries may be performed during view rendering. Explicitly configure spring.jpa.open-in-view to disable this warning
2025-01-03T17:00:33.403+01:00  INFO 15144 --- [Shop] [main] r$InitializeUserDetailsManagerConfigurer : Global AuthenticationManager configured with UserDetailsService bean with name userDetailServiceImpl
2025-01-03T17:00:35.300+01:00  INFO 15144 --- [Shop] [main] o.s.b.w.embedded.tomcat.TomcatWebServer  : Tomcat started on port 8080 (http) with context path '/api'
2025-01-03T17:00:35.318+01:00  INFO 15144 --- [Shop] [main] a.c.shop_g49_1.ShopG491Application       : Started ShopG491Application in 14.935 seconds (process running for 17.043)
2025-01-03T17:01:31.991+01:00  INFO 15144 --- [Shop] [http-nio-8080-exec-1] o.a.c.c.C.[Tomcat].[localhost].[/api]    : Initializing Spring DispatcherServlet 'dispatcherServlet'
2025-01-03T17:01:31.992+01:00  INFO 15144 --- [Shop] [http-nio-8080-exec-1] o.s.web.servlet.DispatcherServlet        : Initializing Servlet 'dispatcherServlet'
2025-01-03T17:01:31.996+01:00  INFO 15144 --- [Shop] [http-nio-8080-exec-1] o.s.web.servlet.DispatcherServlet        : Completed initialization in 3 ms
2025-01-03T17:01:32.073+01:00  INFO 15144 --- [Shop] [http-nio-8080-exec-1] a.c.shop_g49_1.lodding.LoggingAspect     : Method `getAllActiveProducts` of the class ProductServiceImpl was called
2025-01-03T17:01:32.358+01:00  INFO 15144 --- [Shop] [http-nio-8080-exec-1] a.c.shop_g49_1.lodding.LoggingAspect     : Method `getAllActiveProducts` successfully returned with result: [Product: id - 1, title - Banana, price - 3.50, Product: id - 2, title - Ananas, price - 2.70, Product: id - 3, title - Apfelsine, price - 3.80, Product: id - 4, title - Limon, price - 2.30, Product: id - 5, title - Lime, price - 1.30, Product: id - 6, title - Mandarine, price - 1.30, Product: id - 7, title - Mango, price - 1.30, Product: id - 9, title - Tomato, price - 3.50, Product: id - 13, title - Test Product, price - 777.00, Product: id - 14, title - Avocado, price - 7.50]
2025-01-03T17:02:45.193+01:00  INFO 15144 --- [Shop] [http-nio-8080-exec-4] a.c.shop_g49_1.lodding.LoggingAspect     : Method saveProduct in class ProductServiceImpl was called with parameter: Product: id - null, title - Kivi, price - 4.50
2025-01-03T17:02:45.194+01:00  INFO 15144 --- [Shop] [http-nio-8080-exec-4] a.c.s.service.ProductServiceImpl         : Saving product in Service work
2025-01-03T17:02:45.284+01:00  INFO 15144 --- [Shop] [http-nio-8080-exec-4] a.c.shop_g49_1.lodding.LoggingAspect     : Method saveProduct in class ProductServiceImpl finished its execution
2025-01-03T17:02:53.261+01:00  INFO 15144 --- [Shop] [http-nio-8080-exec-6] a.c.shop_g49_1.lodding.LoggingAspect     : Method `getAllActiveProducts` of the class ProductServiceImpl was called
2025-01-03T17:02:53.272+01:00  INFO 15144 --- [Shop] [http-nio-8080-exec-6] a.c.shop_g49_1.lodding.LoggingAspect     : Method `getAllActiveProducts` successfully returned with result: [Product: id - 1, title - Banana, price - 3.50, Product: id - 2, title - Ananas, price - 2.70, Product: id - 3, title - Apfelsine, price - 3.80, Product: id - 4, title - Limon, price - 2.30, Product: id - 5, title - Lime, price - 1.30, Product: id - 6, title - Mandarine, price - 1.30, Product: id - 7, title - Mango, price - 1.30, Product: id - 9, title - Tomato, price - 3.50, Product: id - 13, title - Test Product, price - 777.00, Product: id - 14, title - Avocado, price - 7.50, Product: id - 15, title - Kivi, price - 4.50]
2025-01-03T17:43:00.774+01:00  INFO 15144 --- [Shop] [SpringApplicationShutdownHook] o.s.b.w.e.tomcat.GracefulShutdown        : Commencing graceful shutdown. Waiting for active requests to complete
2025-01-03T17:43:01.272+01:00  INFO 15144 --- [Shop] [tomcat-shutdown] o.s.b.w.e.tomcat.GracefulShutdown        : Graceful shutdown complete
2025-01-03T17:43:01.419+01:00  INFO 15144 --- [Shop] [SpringApplicationShutdownHook] j.LocalContainerEntityManagerFactoryBean : Closing JPA EntityManagerFactory for persistence unit 'default'
2025-01-03T17:43:01.574+01:00  INFO 15144 --- [Shop] [SpringApplicationShutdownHook] com.zaxxer.hikari.HikariDataSource       : HikariPool-1 - Shutdown initiated...
2025-01-03T17:43:01.645+01:00  INFO 15144 --- [Shop] [SpringApplicationShutdownHook] com.zaxxer.hikari.HikariDataSource       : HikariPool-1 - Shutdown completed.
2025-01-03T17:43:23.934+01:00  INFO 10296 --- [Shop] [main] a.c.shop_g49_1.ShopG491Application       : Starting ShopG491Application using Java 17.0.11 with PID 10296 (C:\IdeaProjects\shop_g49_1\target\classes started by krasn in C:\IdeaProjects\shop_g49_1)
2025-01-03T17:43:23.939+01:00  INFO 10296 --- [Shop] [main] a.c.shop_g49_1.ShopG491Application       : No active profile set, falling back to 1 default profile: "default"
2025-01-03T17:43:26.417+01:00  INFO 10296 --- [Shop] [main] .s.d.r.c.RepositoryConfigurationDelegate : Bootstrapping Spring Data JPA repositories in DEFAULT mode.
2025-01-03T17:43:26.637+01:00  INFO 10296 --- [Shop] [main] .s.d.r.c.RepositoryConfigurationDelegate : Finished Spring Data repository scanning in 177 ms. Found 4 JPA repository interfaces.
2025-01-03T17:43:28.838+01:00  INFO 10296 --- [Shop] [main] o.s.b.w.embedded.tomcat.TomcatWebServer  : Tomcat initialized with port 8080 (http)
2025-01-03T17:43:28.861+01:00  INFO 10296 --- [Shop] [main] o.apache.catalina.core.StandardService   : Starting service [Tomcat]
2025-01-03T17:43:28.861+01:00  INFO 10296 --- [Shop] [main] o.apache.catalina.core.StandardEngine    : Starting Servlet engine: [Apache Tomcat/10.1.33]
2025-01-03T17:43:28.969+01:00  INFO 10296 --- [Shop] [main] o.a.c.c.C.[Tomcat].[localhost].[/api]    : Initializing Spring embedded WebApplicationContext
2025-01-03T17:43:28.970+01:00  INFO 10296 --- [Shop] [main] w.s.c.ServletWebServerApplicationContext : Root WebApplicationContext: initialization completed in 4911 ms
2025-01-03T17:43:29.236+01:00  INFO 10296 --- [Shop] [main] com.zaxxer.hikari.HikariDataSource       : HikariPool-1 - Starting...
2025-01-03T17:43:29.602+01:00  INFO 10296 --- [Shop] [main] com.zaxxer.hikari.pool.HikariPool        : HikariPool-1 - Added connection org.postgresql.jdbc.PgConnection@19526f1d
2025-01-03T17:43:29.606+01:00  INFO 10296 --- [Shop] [main] com.zaxxer.hikari.HikariDataSource       : HikariPool-1 - Start completed.
2025-01-03T17:43:29.885+01:00  INFO 10296 --- [Shop] [main] liquibase.database                       : Set default schema name to public
2025-01-03T17:43:31.127+01:00  INFO 10296 --- [Shop] [main] liquibase.changelog                      : Reading from public.databasechangelog
2025-01-03T17:43:31.217+01:00  INFO 10296 --- [Shop] [main] liquibase.ui                             : Database is up to date, no changesets to execute
2025-01-03T17:43:31.222+01:00  INFO 10296 --- [Shop] [main] liquibase.changelog                      : Reading from public.databasechangelog
2025-01-03T17:43:31.237+01:00  INFO 10296 --- [Shop] [main] liquibase.util                           : UPDATE SUMMARY
2025-01-03T17:43:31.237+01:00  INFO 10296 --- [Shop] [main] liquibase.util                           : Run:                          0
2025-01-03T17:43:31.238+01:00  INFO 10296 --- [Shop] [main] liquibase.util                           : Previously run:              13
2025-01-03T17:43:31.239+01:00  INFO 10296 --- [Shop] [main] liquibase.util                           : Filtered out:                 0
2025-01-03T17:43:31.239+01:00  INFO 10296 --- [Shop] [main] liquibase.util                           : -------------------------------
2025-01-03T17:43:31.239+01:00  INFO 10296 --- [Shop] [main] liquibase.util                           : Total change sets:           13
2025-01-03T17:43:31.240+01:00  INFO 10296 --- [Shop] [main] liquibase.util                           : Update summary generated
2025-01-03T17:43:31.243+01:00  INFO 10296 --- [Shop] [main] liquibase.command                        : Command execution complete
2025-01-03T17:43:31.458+01:00  INFO 10296 --- [Shop] [main] o.hibernate.jpa.internal.util.LogHelper  : HHH000204: Processing PersistenceUnitInfo [name: default]
2025-01-03T17:43:31.584+01:00  INFO 10296 --- [Shop] [main] org.hibernate.Version                    : HHH000412: Hibernate ORM core version 6.6.2.Final
2025-01-03T17:43:31.647+01:00  INFO 10296 --- [Shop] [main] o.h.c.internal.RegionFactoryInitiator    : HHH000026: Second-level cache disabled
2025-01-03T17:43:32.186+01:00  INFO 10296 --- [Shop] [main] o.s.o.j.p.SpringPersistenceUnitInfo      : No LoadTimeWeaver setup: ignoring JPA class transformer
2025-01-03T17:43:32.404+01:00  INFO 10296 --- [Shop] [main] org.hibernate.orm.connections.pooling    : HHH10001005: Database info:
	Database JDBC URL [Connecting through datasource 'HikariDataSource (HikariPool-1)']
	Database driver: undefined/unknown
	Database version: 17.2
	Autocommit mode: undefined/unknown
	Isolation level: undefined/unknown
	Minimum pool size: undefined/unknown
	Maximum pool size: undefined/unknown
2025-01-03T17:43:34.977+01:00  INFO 10296 --- [Shop] [main] o.h.e.t.j.p.i.JtaPlatformInitiator       : HHH000489: No JTA platform available (set 'hibernate.transaction.jta.platform' to enable JTA platform integration)
2025-01-03T17:43:34.987+01:00  INFO 10296 --- [Shop] [main] j.LocalContainerEntityManagerFactoryBean : Initialized JPA EntityManagerFactory for persistence unit 'default'
2025-01-03T17:43:37.330+01:00  WARN 10296 --- [Shop] [main] JpaBaseConfiguration$JpaWebConfiguration : spring.jpa.open-in-view is enabled by default. Therefore, database queries may be performed during view rendering. Explicitly configure spring.jpa.open-in-view to disable this warning
2025-01-03T17:43:37.403+01:00  INFO 10296 --- [Shop] [main] r$InitializeUserDetailsManagerConfigurer : Global AuthenticationManager configured with UserDetailsService bean with name userDetailServiceImpl
2025-01-03T17:43:39.421+01:00  INFO 10296 --- [Shop] [main] o.s.b.w.embedded.tomcat.TomcatWebServer  : Tomcat started on port 8080 (http) with context path '/api'
2025-01-03T17:43:39.440+01:00  INFO 10296 --- [Shop] [main] a.c.shop_g49_1.ShopG491Application       : Started ShopG491Application in 16.684 seconds (process running for 18.484)
2025-01-03T17:47:32.240+01:00  INFO 10296 --- [Shop] [SpringApplicationShutdownHook] o.s.b.w.e.tomcat.GracefulShutdown        : Commencing graceful shutdown. Waiting for active requests to complete
2025-01-03T17:47:32.632+01:00  INFO 10296 --- [Shop] [tomcat-shutdown] o.s.b.w.e.tomcat.GracefulShutdown        : Graceful shutdown complete
2025-01-03T17:47:32.728+01:00  INFO 10296 --- [Shop] [SpringApplicationShutdownHook] j.LocalContainerEntityManagerFactoryBean : Closing JPA EntityManagerFactory for persistence unit 'default'
2025-01-03T17:47:32.822+01:00  INFO 10296 --- [Shop] [SpringApplicationShutdownHook] com.zaxxer.hikari.HikariDataSource       : HikariPool-1 - Shutdown initiated...
2025-01-03T17:47:32.860+01:00  INFO 10296 --- [Shop] [SpringApplicationShutdownHook] com.zaxxer.hikari.HikariDataSource       : HikariPool-1 - Shutdown completed.
2025-01-03T18:39:45.337+01:00  INFO 8380 --- [Shop] [main] a.c.shop_g49_1.ShopG491Application       : Starting ShopG491Application using Java 17.0.11 with PID 8380 (C:\IdeaProjects\shop_g49_1\target\classes started by krasn in C:\IdeaProjects\shop_g49_1)
2025-01-03T18:39:45.352+01:00  INFO 8380 --- [Shop] [main] a.c.shop_g49_1.ShopG491Application       : No active profile set, falling back to 1 default profile: "default"
2025-01-03T18:39:47.820+01:00  INFO 8380 --- [Shop] [main] .s.d.r.c.RepositoryConfigurationDelegate : Bootstrapping Spring Data JPA repositories in DEFAULT mode.
2025-01-03T18:39:48.178+01:00  INFO 8380 --- [Shop] [main] .s.d.r.c.RepositoryConfigurationDelegate : Finished Spring Data repository scanning in 335 ms. Found 4 JPA repository interfaces.
2025-01-03T18:39:50.206+01:00  INFO 8380 --- [Shop] [main] o.s.b.w.embedded.tomcat.TomcatWebServer  : Tomcat initialized with port 8080 (http)
2025-01-03T18:39:50.241+01:00  INFO 8380 --- [Shop] [main] o.apache.catalina.core.StandardService   : Starting service [Tomcat]
2025-01-03T18:39:50.242+01:00  INFO 8380 --- [Shop] [main] o.apache.catalina.core.StandardEngine    : Starting Servlet engine: [Apache Tomcat/10.1.33]
2025-01-03T18:39:50.417+01:00  INFO 8380 --- [Shop] [main] o.a.c.c.C.[Tomcat].[localhost].[/api]    : Initializing Spring embedded WebApplicationContext
2025-01-03T18:39:50.419+01:00  INFO 8380 --- [Shop] [main] w.s.c.ServletWebServerApplicationContext : Root WebApplicationContext: initialization completed in 4945 ms
2025-01-03T18:39:50.844+01:00  INFO 8380 --- [Shop] [main] com.zaxxer.hikari.HikariDataSource       : HikariPool-1 - Starting...
2025-01-03T18:39:51.342+01:00  INFO 8380 --- [Shop] [main] com.zaxxer.hikari.pool.HikariPool        : HikariPool-1 - Added connection org.postgresql.jdbc.PgConnection@71c0b742
2025-01-03T18:39:51.346+01:00  INFO 8380 --- [Shop] [main] com.zaxxer.hikari.HikariDataSource       : HikariPool-1 - Start completed.
2025-01-03T18:39:51.778+01:00  INFO 8380 --- [Shop] [main] liquibase.database                       : Set default schema name to public
2025-01-03T18:39:53.073+01:00  INFO 8380 --- [Shop] [main] liquibase.changelog                      : Reading from public.databasechangelog
2025-01-03T18:39:53.230+01:00  INFO 8380 --- [Shop] [main] liquibase.ui                             : Database is up to date, no changesets to execute
2025-01-03T18:39:53.238+01:00  INFO 8380 --- [Shop] [main] liquibase.changelog                      : Reading from public.databasechangelog
2025-01-03T18:39:53.268+01:00  INFO 8380 --- [Shop] [main] liquibase.util                           : UPDATE SUMMARY
2025-01-03T18:39:53.269+01:00  INFO 8380 --- [Shop] [main] liquibase.util                           : Run:                          0
2025-01-03T18:39:53.270+01:00  INFO 8380 --- [Shop] [main] liquibase.util                           : Previously run:              13
2025-01-03T18:39:53.271+01:00  INFO 8380 --- [Shop] [main] liquibase.util                           : Filtered out:                 0
2025-01-03T18:39:53.272+01:00  INFO 8380 --- [Shop] [main] liquibase.util                           : -------------------------------
2025-01-03T18:39:53.273+01:00  INFO 8380 --- [Shop] [main] liquibase.util                           : Total change sets:           13
2025-01-03T18:39:53.275+01:00  INFO 8380 --- [Shop] [main] liquibase.util                           : Update summary generated
2025-01-03T18:39:53.277+01:00  INFO 8380 --- [Shop] [main] liquibase.command                        : Command execution complete
2025-01-03T18:39:53.555+01:00  INFO 8380 --- [Shop] [main] o.hibernate.jpa.internal.util.LogHelper  : HHH000204: Processing PersistenceUnitInfo [name: default]
2025-01-03T18:39:53.677+01:00  INFO 8380 --- [Shop] [main] org.hibernate.Version                    : HHH000412: Hibernate ORM core version 6.6.2.Final
2025-01-03T18:39:53.750+01:00  INFO 8380 --- [Shop] [main] o.h.c.internal.RegionFactoryInitiator    : HHH000026: Second-level cache disabled
2025-01-03T18:39:54.297+01:00  INFO 8380 --- [Shop] [main] o.s.o.j.p.SpringPersistenceUnitInfo      : No LoadTimeWeaver setup: ignoring JPA class transformer
2025-01-03T18:39:54.482+01:00  INFO 8380 --- [Shop] [main] org.hibernate.orm.connections.pooling    : HHH10001005: Database info:
	Database JDBC URL [Connecting through datasource 'HikariDataSource (HikariPool-1)']
	Database driver: undefined/unknown
	Database version: 17.2
	Autocommit mode: undefined/unknown
	Isolation level: undefined/unknown
	Minimum pool size: undefined/unknown
	Maximum pool size: undefined/unknown
2025-01-03T18:39:56.307+01:00  INFO 8380 --- [Shop] [main] o.h.e.t.j.p.i.JtaPlatformInitiator       : HHH000489: No JTA platform available (set 'hibernate.transaction.jta.platform' to enable JTA platform integration)
2025-01-03T18:39:56.312+01:00  INFO 8380 --- [Shop] [main] j.LocalContainerEntityManagerFactoryBean : Initialized JPA EntityManagerFactory for persistence unit 'default'
2025-01-03T18:39:57.566+01:00  WARN 8380 --- [Shop] [main] JpaBaseConfiguration$JpaWebConfiguration : spring.jpa.open-in-view is enabled by default. Therefore, database queries may be performed during view rendering. Explicitly configure spring.jpa.open-in-view to disable this warning
2025-01-03T18:39:57.621+01:00  INFO 8380 --- [Shop] [main] r$InitializeUserDetailsManagerConfigurer : Global AuthenticationManager configured with UserDetailsService bean with name userDetailServiceImpl
2025-01-03T18:39:59.166+01:00  INFO 8380 --- [Shop] [main] o.s.b.w.embedded.tomcat.TomcatWebServer  : Tomcat started on port 8080 (http) with context path '/api'
2025-01-03T18:39:59.183+01:00  INFO 8380 --- [Shop] [main] a.c.shop_g49_1.ShopG491Application       : Started ShopG491Application in 15.683 seconds (process running for 17.227)
2025-01-03T18:40:17.360+01:00  INFO 8380 --- [Shop] [SpringApplicationShutdownHook] o.s.b.w.e.tomcat.GracefulShutdown        : Commencing graceful shutdown. Waiting for active requests to complete
2025-01-03T18:40:17.716+01:00  INFO 8380 --- [Shop] [tomcat-shutdown] o.s.b.w.e.tomcat.GracefulShutdown        : Graceful shutdown complete
2025-01-03T18:40:17.722+01:00  INFO 8380 --- [Shop] [SpringApplicationShutdownHook] j.LocalContainerEntityManagerFactoryBean : Closing JPA EntityManagerFactory for persistence unit 'default'
2025-01-03T18:40:17.726+01:00  INFO 8380 --- [Shop] [SpringApplicationShutdownHook] com.zaxxer.hikari.HikariDataSource       : HikariPool-1 - Shutdown initiated...
2025-01-03T18:40:17.732+01:00  INFO 8380 --- [Shop] [SpringApplicationShutdownHook] com.zaxxer.hikari.HikariDataSource       : HikariPool-1 - Shutdown completed.
